<?xml version="1.0" encoding="UTF-8"?>
<testng-results skipped="0" failed="0" total="1" passed="1">
  <reporter-output>
  </reporter-output>
  <suite name="Default suite" duration-ms="23554" started-at="2016-12-28T11:22:41Z" finished-at="2016-12-28T11:23:05Z">
    <groups>
    </groups>
    <test name="Default test" duration-ms="23554" started-at="2016-12-28T11:22:41Z" finished-at="2016-12-28T11:23:05Z">
      <class name="upload.FileuploadDialog">
        <test-method status="PASS" signature="main()[pri:0, instance:upload.FileuploadDialog@651fd0]" name="main" duration-ms="23532" started-at="2016-12-28T03:22:41Z" finished-at="2016-12-28T03:23:05Z">
          <reporter-output>
          </reporter-output>
        </test-method> <!-- main -->
      </class> <!-- upload.FileuploadDialog -->
    </test> <!-- Default test -->
  </suite> <!-- Default suite -->
</testng-results>
